<?xml version="1.0" encoding="UTF-8"?>
<!-- Generated by org.testng.reporters.JUnitReportReporter -->
<testsuite hostname="rajasekar" failures="0" tests="1" name="testcases.Navigation_menu" time="2.111" errors="0" timestamp="2023-06-21T15:39:03 IST" skipped="0">
  <testcase classname="testcases.Navigation_menu" name="openNavMenu_Homepage" time="2.111"/>
  <system-out/>
</testsuite> <!-- testcases.Navigation_menu -->
