<?xml version="1.0" encoding="UTF-8"?>
<!-- Generated by org.testng.reporters.JUnitReportReporter -->
<testsuite hostname="rajasekar" failures="0" tests="2" name="testcases.Login" time="4.263" errors="0" timestamp="2023-06-21T15:39:03 IST" skipped="0">
  <testcase classname="testcases.Login" name="openLogionPage" time="3.766"/>
  <system-out/>
  <testcase classname="testcases.Login" name="login_with_credentials" time="0.497"/>
  <system-out/>
</testsuite> <!-- testcases.Login -->
