<?xml version="1.0" encoding="UTF-8"?>
<!-- Generated by org.testng.reporters.JUnitReportReporter -->
<testsuite hostname="rajasekar" failures="0" tests="1" name="testcases.Logout" time="0.100" errors="0" timestamp="2023-06-21T15:39:03 IST" skipped="0">
  <testcase classname="testcases.Logout" name="logout" time="0.100"/>
  <system-out/>
</testsuite> <!-- testcases.Logout -->
